# Eltm. Struct.     Total-energy()  mag=    a-conv Vol-conv Vol-at  r-at   b/a   c/a
    VA   A1-fcc      -0.0000001    0.000   5.672  182.47   45.62  2.22  1.000  1.000   
    Ac   A1-fcc      -4.04728    0.000   5.672  182.47   45.62  2.22  1.000  1.000
    Ag   A1-fcc      -2.71722    0.000   4.147   71.32   17.83  1.62  1.000  1.000
 Ag_pv   A1-fcc      -2.70313    0.000   4.154   71.67   17.92  1.62  1.000  1.000
    Al   A1-fcc      -3.74653    0.000   4.042   66.03   16.51  1.58  1.000  1.000
    Am   A3-hcp     -13.82696    0.000   2.933   34.49   17.25  1.60  1.000  1.578
    As   A7-rho      -4.66991    0.000   3.813  136.40   22.73  1.76  1.000  2.840
  As_d   A7-rho      -4.67909    0.000   3.807  136.66   22.78  1.76  1.000  2.860
    Au   A1-fcc      -3.22003    0.000   4.155   71.75   17.94  1.62  1.000  1.000
     B   hR36-B      -6.70480    0.000   5.049   86.92    7.24  1.20  0.000  0.529
 Ba_sv   A2-bcc      -1.90828    0.000   5.028  127.10   63.55  2.48  1.000  1.000
    Be   A3-hcp      -3.76614    0.000   2.263   15.83    7.92  1.24  1.000  1.578
 Be_sv   A3-hcp      -3.76461    0.000   2.263   15.83    7.91  1.24  1.000  1.578
    Bi   A7-rho      -3.87346    0.000   4.582  221.19   36.86  2.06  1.000  2.655
     C   A4-dia      -8.08239    0.000   3.635   48.03    6.00  1.13  1.000  1.000
 Ca_pv   A1-fcc      -1.92023    0.000   5.524  168.59   42.15  2.16  1.000  1.000
 Ca_sv   A1-fcc      -1.92906    0.000   5.528  168.90   42.22  2.16  1.000  1.000
    Cd   A3-hcp      -0.74601    0.000   3.029   45.88   22.94  1.76  1.000  1.907
    Ce   A1-fcc      -5.92536    0.000   4.725  105.52   26.38  1.85  1.000  1.000
  Ce_3   A1-fcc      -4.73202    0.000   5.325  150.96   37.74  2.08  1.000  1.000
  Ce_h   A1-fcc      -5.93196    0.000   4.722  105.29   26.32  1.85  1.000  1.000
    Co   A3-hcp      -7.03500    1.592   2.490   21.61   10.80  1.37  1.000  1.615
 Co_pv   A3-hcp      -7.03163    1.596   2.494   21.70   10.85  1.37  1.000  1.615
 Co_sv   A3-hcp      -7.11559    1.589   2.479   21.32   10.66  1.37  1.000  1.616
    Cr   A2-bcc      -9.49622    0.000   2.853   23.22   11.61  1.40  1.000  1.000
 Cr_pv   A2-bcc      -9.52262    0.000   2.864   23.50   11.75  1.41  1.000  1.000
 Cs_sv   A2-bcc      -0.85218    0.000   6.151  232.77  116.38  3.03  1.000  1.000
    Cu   A1-fcc      -3.72720    0.000   3.634   47.99   12.00  1.42  1.000  1.000
 Cu_pv   A1-fcc      -3.74814    0.000   3.619   47.41   11.85  1.41  1.000  1.000
    Dy   A3-hcp     -10.23055    4.781   3.542   61.76   30.88  1.95  1.000  1.605
  Dy_3   A3-hcp      -4.53395    0.000   3.620   63.84   31.92  1.97  1.000  1.554
  Er_2   A3-hcp      -1.55560    0.000   3.905   84.22   42.11  2.16  1.000  1.633
  Er_3   A3-hcp      -4.49750    0.000   3.583   61.74   30.87  1.95  1.000  1.550
  Eu_2   A2-bcc      -1.86128    0.000   4.450   88.09   44.05  2.19  1.000  1.000
  Eu_3   A2-bcc      -4.47305    0.000   4.060   66.92   33.46  2.00  1.000  1.000
    Fe   A2-bcc      -8.23670    2.196   2.830   22.65   11.33  1.39  1.000  1.000
 Fe_pv   A2-bcc      -8.25688    2.201   2.831   22.70   11.35  1.39  1.000  1.000
 Fe_sv   A2-bcc      -8.34199    2.159   2.813   22.25   11.12  1.38  1.000  1.000
    Ga   A11-Ga      -2.74138    0.000   4.722  166.19   20.77  1.71  1.648  0.958
    Gd   A3-hcp     -13.78906    6.000   3.678   68.16   34.08  2.01  1.000  1.582
  Gd_3   A3-hcp      -4.58055    0.000   3.642   65.74   32.87  1.99  1.000  1.571
    Ge   A4-dia      -4.14661    0.000   5.919  207.34   25.92  1.84  1.000  1.000
  Ge_d   A4-dia      -4.51857    0.000   5.760  191.09   23.89  1.79  1.000  1.000
    Hf   A3-hcp      -9.95772    0.000   3.194   44.55   22.27  1.75  1.000  1.579
 Hf_pv   A3-hcp      -9.92169    0.000   3.197   44.75   22.37  1.75  1.000  1.581
 Hf_sv   A3-hcp     -12.73094    0.000   3.198   44.75   22.38  1.75  1.000  1.580
    Hg   A10-Hg      -0.17556    0.000   3.594   32.82   32.82  1.99  0.000  0.500
  Ho_3   A3-hcp      -4.51272    0.000   3.603   62.78   31.39  1.96  1.000  1.550
    In   A6-bct      -2.55989    0.000   3.358   55.01   27.51  1.87  1.000  1.453
    Ir   A1-fcc      -8.84813    0.000   3.873   58.08   14.52  1.51  1.000  1.000
  K_pv   A2-bcc      -1.02764    0.000   5.286  147.71   73.86  2.60  1.000  1.000
    La   A3p-dh      -4.88525    0.000   3.769  148.71   37.18  2.07  1.000  3.207
    Li   A2-bcc      -1.89944    0.000   3.439   40.69   20.34  1.69  1.000  1.000
 Li_sv   A2-bcc      -1.90430    0.000   3.431   40.38   20.19  1.69  1.000  1.000
    Lu   A3-hcp      -4.52114    0.000   3.511   58.34   29.17  1.91  1.000  1.556
    Mg   A3-hcp      -1.50604    0.000   3.192   45.72   22.86  1.76  1.000  1.623
 Mg_pv   A3-hcp       1.65841    0.000   2.428   20.67   10.34  1.35  1.000  1.669
 Mg_sv   A3-hcp      10.21228    0.000   2.016   12.15    6.08  1.13  1.000  1.712
    Mn   A12-Mn      -8.97821    0.000   8.539  622.70   10.74  1.37  1.000  1.000
 Mn_pv   A12-Mn      -8.99024    0.000   8.558  626.80   10.81  1.37  1.000  1.000
    Mo   A2-bcc     -10.94954    0.000   3.151   31.28   15.64  1.55  1.000  1.000
 Mo_pv   A2-bcc     -10.92331    0.000   3.159   31.53   15.76  1.56  1.000  1.000
 Mo_sv   A2-bcc     -10.93445    0.000   3.162   31.63   15.81  1.56  1.000  1.000
    Na   A2-bcc      -1.30717    0.000   4.192   73.67   36.83  2.06  1.000  1.000
 Na_pv   A2-bcc      -1.31099    0.000   4.191   73.60   36.80  2.06  1.000  1.000
 Nb_pv   A2-bcc     -10.09319    0.000   3.323   36.68   18.34  1.64  1.000  1.000
 Nb_sv   A2-bcc     -10.21612    0.000   3.309   36.22   18.11  1.63  1.000  1.000
    Nd   A3p-dh      -7.63427    4.061   3.575  126.53   31.63  1.96  1.000  3.198
    Ni   A1-fcc      -5.46695    0.619   3.517   43.49   10.87  1.37  1.000  1.000
 Ni_pv   A1-fcc      -5.48727    0.627   3.510   43.23   10.81  1.37  1.000  1.000
    Os   A3-hcp     -11.24042    0.000   2.750   28.42   14.21  1.50  1.000  1.578
 Os_pv   A3-hcp     -11.22026    0.000   2.755   28.58   14.29  1.51  1.000  1.579
    Pb   A1-fcc      -3.57266    0.000   5.028  127.08   31.77  1.96  1.000  1.000
  Pb_d   A1-fcc      -3.56435    0.000   5.038  127.85   31.96  1.97  1.000  1.000
    Pd   A1-fcc      -5.21615    0.000   3.939   61.12   15.28  1.54  1.000  1.000
 Pd_pv   A1-fcc      -5.20817    0.000   3.941   61.22   15.30  1.54  1.000  1.000
    Pm   A3-hcp      -6.64195    0.000   2.689   39.56   19.78  1.68  1.000  2.349
    Pr   A3p-dh      -6.50444    2.413   3.383  111.09   27.77  1.88  1.000  3.314
    Pt   A1-fcc      -6.09738    0.000   3.968   62.46   15.61  1.55  1.000  1.000
 Pt_pv   A1-fcc      -6.08161    0.000   3.970   62.59   15.65  1.55  1.000  1.000
 Rb_pv   A2-bcc      -0.91693    0.000   5.665  181.76   90.88  2.79  1.000  1.000
 Rb_sv   A2-bcc      -0.93605    0.000   5.666  181.86   90.93  2.79  1.000  1.000
    Re   A3-hcp     -12.42685    0.000   2.774   29.87   14.93  1.53  1.000  1.615
 Re_pv   A3-hcp     -12.37354    0.000   2.774   29.88   14.94  1.53  1.000  1.616
    Rh   A1-fcc      -7.27550    0.000   3.824   55.93   13.98  1.49  1.000  1.000
 Rh_pv   A1-fcc      -7.25713    0.000   3.829   56.15   14.04  1.50  1.000  1.000
    Ru   A3-hcp      -9.25325    0.000   2.715   27.33   13.66  1.48  1.000  1.577
 Ru_pv   A3-hcp      -9.24090    0.000   2.719   27.45   13.73  1.49  1.000  1.578
 Ru_sv   A3-hcp      -9.27694    0.000   2.691   26.70   13.35  1.47  1.000  1.582
    Sb   A7-rho       0.00000    0.000   4.839  471.25   78.54  2.66  1.000  4.803
    Sc   A3-hcp      -6.20186    0.000   3.303   48.38   24.19  1.79  1.000  1.550
 Sc_sv   A3-hcp      -6.24773    0.000   3.311   48.82   24.41  1.80  1.000  1.553
    Se   A8-hex      -3.49831    0.000   4.504   88.74   29.58  1.92  1.000  1.122
    Si   A4-dia      -5.17948    0.000   5.479  164.44   20.56  1.70  1.000  1.000
    Sm      XXX       0.00000    0.000   5.479  164.44   20.56  1.70  1.000  1.000
 Sn_A4   A4-dia      -3.82696    0.000   6.654  294.67   36.83  2.06  1.000  1.000
 Sn_A5   A5-bct      -3.62817    0.000   5.960  114.65   28.66  1.90  1.000  0.541
 Sr_sv   A1-fcc      -1.63716    0.000   6.024  218.55   54.64  2.35  1.000  1.000
    Ta   A2-bcc     -11.86253    0.000   3.308   36.19   18.10  1.63  1.000  1.000
 Ta_pv   A2-bcc     -11.81241    0.000   3.319   36.57   18.29  1.63  1.000  1.000
    Tb   A3-hcp     -12.02392    5.977   3.526   60.63   30.31  1.93  1.000  1.598
    Tc   A3-hcp     -10.37716    0.000   2.742   28.56   14.28  1.50  1.000  1.599
 Tc_pv   A3-hcp     -10.35554    0.000   2.746   28.68   14.34  1.51  1.000  1.600
 Tc_sv   A3-hcp     -10.14387    0.000   2.659   26.16   13.08  1.46  1.000  1.607
    Te   A8-hex      -3.14231    0.000   4.508  104.89   34.96  2.03  1.000  1.322
    Ti   A3-hcp      -7.76229    0.000   2.924   34.24   17.12  1.60  1.000  1.582
 Ti_pv   A3-hcp      -7.80217    0.000   2.931   34.54   17.27  1.60  1.000  1.584
 Ti_sv   A3-hcp      -7.81431    0.000   2.935   34.68   17.34  1.61  1.000  1.584
    Tl   A3-hcp      -2.24522    0.000   3.581   62.25   31.13  1.95  1.000  1.565
  Tl_d   A3-hcp      -2.22995    0.000   3.567   61.68   30.84  1.95  1.000  1.569
  Tm_3   A3-hcp      -4.47605    0.000   3.562   60.69   30.34  1.93  1.000  1.551
     V   A2-bcc      -8.94078    0.000   2.978   26.42   13.21  1.47  1.000  1.000
  V_pv   A2-bcc      -8.95594    0.000   2.998   26.94   13.47  1.48  1.000  1.000
  V_sv   A2-bcc      -8.99057    0.000   2.997   26.92   13.46  1.48  1.000  1.000
     W   A2-bcc     -13.01940    0.000   3.172   31.92   15.96  1.56  1.000  1.000
  W_pv   A2-bcc     -12.95615    0.000   3.185   32.30   16.15  1.57  1.000  1.000
  Y_sv   A3-hcp      -6.43328    0.000   3.655   65.53   32.76  1.99  1.000  1.550
    Yb   A1-fcc      -1.70986    0.000   5.259  145.45   36.36  2.06  1.000  1.000
    Zn   A3-hcp      -1.10764    0.000   2.645   30.64   15.32  1.54  1.000  1.912
 Zr_sv   A3-hcp      -8.52067    0.000   3.233   46.79   23.39  1.77  1.000  1.600
